<?xml version="1.0" encoding="UTF-8"?>
<!-- Generated by org.testng.reporters.JUnitReportReporter -->
<testsuite hostname="Desktop-PR-27" failures="0" tests="1" name="org.runner.Run" time="32.523" errors="0" timestamp="2022-11-24T17:57:55 IST" skipped="0">
  <testcase classname="org.runner.Run" name="test2" time="32.523"/>
  <system-out/>
</testsuite> <!-- org.runner.Run -->
